#
# There is insufficient memory for the Java Runtime Environment to continue.
# Native memory allocation (malloc) failed to allocate 65552 bytes for Chunk::new
# Possible reasons:
#   The system is out of physical RAM or swap space
#   The process is running with CompressedOops enabled, and the Java Heap may be blocking the growth of the native heap
# Possible solutions:
#   Reduce memory load on the system
#   Increase physical memory or swap space
#   Check if swap backing store is full
#   Decrease Java heap size (-Xmx/-Xms)
#   Decrease number of Java threads
#   Decrease Java thread stack sizes (-Xss)
#   Set larger code cache with -XX:ReservedCodeCacheSize=
#   JVM is running with Zero Based Compressed Oops mode in which the Java heap is
#     placed in the first 32GB address space. The Java Heap base address is the
#     maximum limit for the native heap growth. Please use -XX:HeapBaseMinAddress
#     to set the Java Heap base and to place the Java Heap above 32GB virtual address.
# This output file may be truncated or incomplete.
#
#  Out of Memory Error (arena.cpp:189), pid=53656, tid=21592
#
# JRE version: OpenJDK Runtime Environment Zulu17.32+13-CA (17.0.2+8) (build 17.0.2+8-LTS)
# Java VM: OpenJDK 64-Bit Server VM Zulu17.32+13-CA (17.0.2+8-LTS, mixed mode, sharing, tiered, compressed oops, compressed class ptrs, g1 gc, windows-amd64)
# No core dump will be written. Minidumps are not enabled by default on client versions of Windows
#

---------------  S U M M A R Y ------------

Command Line: -Dfile.encoding=UTF-8 -XX:+ShowCodeDetailsInExceptionMessages pageobject.Setup

Host: AMD Ryzen 5 PRO 4650U with Radeon Graphics, 12 cores, 15G,  Windows 11 , 64 bit Build 22621 (10.0.22621.2506)
Time: Mon Feb 19 15:41:01 2024 India Standard Time elapsed time: 27.523707 seconds (0d 0h 0m 27s)

---------------  T H R E A D  ---------------

Current thread (0x0000021c7780d8d0):  JavaThread "C2 CompilerThread0" daemon [_thread_in_native, id=21592, stack(0x00000041f0600000,0x00000041f0700000)]


Current CompileTask:
C2:  27523 1754       4       java.lang.invoke.MethodType::makeImpl (109 bytes)

Stack: [0x00000041f0600000,0x00000041f0700000]
Native frames: (J=compiled Java code, j=interpreted, Vv=VM code, C=native code)
V  [jvm.dll+0x6769fa]
V  [jvm.dll+0x831784]
V  [jvm.dll+0x832f2e]
V  [jvm.dll+0x833593]
V  [jvm.dll+0x2455e5]
V  [jvm.dll+0xabf1b]
V  [jvm.dll+0xac4ac]
V  [jvm.dll+0xb948d]
V  [jvm.dll+0x56e74e]
V  [jvm.dll+0x56d15d]
V  [jvm.dll+0x56c69e]
V  [jvm.dll+0x56c6b1]
V  [jvm.dll+0x56c6b1]
V  [jvm.dll+0x56c6b1]
V  [jvm.dll+0x56c6b1]
V  [jvm.dll+0x56c6b1]
V  [jvm.dll+0x56c6b1]
V  [jvm.dll+0x56c6b1]
V  [jvm.dll+0x56c6b1]
V  [jvm.dll+0x56c6b1]
V  [jvm.dll+0x56c6b1]
V  [jvm.dll+0x56c6b1]
V  [jvm.dll+0x56c6b1]
V  [jvm.dll+0x56c6b1]
V  [jvm.dll+0x56c6b1]
V  [jvm.dll+0x56c6b1]
V  [jvm.dll+0x56c6b1]
V  [jvm.dll+0x56c6b1]
V  [jvm.dll+0x57e148]
V  [jvm.dll+0x2206dd]
V  [jvm.dll+0x21a124]
V  [jvm.dll+0x21784b]
V  [jvm.dll+0x1a3e2d]
V  [jvm.dll+0x2272d8]
V  [jvm.dll+0x22542c]
V  [jvm.dll+0x7e701c]
V  [jvm.dll+0x7e15ca]
V  [jvm.dll+0x675885]
C  [ucrtbase.dll+0x29363]
C  [KERNEL32.DLL+0x1257d]
C  [ntdll.dll+0x5aa58]


---------------  P R O C E S S  ---------------

Threads class SMR info:
_java_thread_list=0x0000021c789dc1b0, length=27, elements={
0x0000021c53fa7030, 0x0000021c76e09660, 0x0000021c76e0a010, 0x0000021c76e17860,
0x0000021c76e18120, 0x0000021c76e18ad0, 0x0000021c76e1d490, 0x0000021c7780d8d0,
0x0000021c7780ece0, 0x0000021c7780f6d0, 0x0000021c77944cd0, 0x0000021c779532a0,
0x0000021c77a666c0, 0x0000021c78829980, 0x0000021c781dc4f0, 0x0000021c781dc9c0,
0x0000021c787ab760, 0x0000021c778f0260, 0x0000021c781d0c30, 0x0000021c781df870,
0x0000021c781e1550, 0x0000021c781e3230, 0x0000021c781dfd40, 0x0000021c781e0210,
0x0000021c781e1a20, 0x0000021c781e06e0, 0x0000021c78cd7920
}

Java Threads: ( => current thread )
  0x0000021c53fa7030 JavaThread "main" [_thread_in_Java, id=10872, stack(0x00000041ef900000,0x00000041efa00000)]
  0x0000021c76e09660 JavaThread "Reference Handler" daemon [_thread_blocked, id=11268, stack(0x00000041f0000000,0x00000041f0100000)]
  0x0000021c76e0a010 JavaThread "Finalizer" daemon [_thread_blocked, id=37220, stack(0x00000041f0100000,0x00000041f0200000)]
  0x0000021c76e17860 JavaThread "Signal Dispatcher" daemon [_thread_blocked, id=15832, stack(0x00000041f0200000,0x00000041f0300000)]
  0x0000021c76e18120 JavaThread "Attach Listener" daemon [_thread_blocked, id=54968, stack(0x00000041f0300000,0x00000041f0400000)]
  0x0000021c76e18ad0 JavaThread "Service Thread" daemon [_thread_blocked, id=19872, stack(0x00000041f0400000,0x00000041f0500000)]
  0x0000021c76e1d490 JavaThread "Monitor Deflation Thread" daemon [_thread_blocked, id=7440, stack(0x00000041f0500000,0x00000041f0600000)]
=>0x0000021c7780d8d0 JavaThread "C2 CompilerThread0" daemon [_thread_in_native, id=21592, stack(0x00000041f0600000,0x00000041f0700000)]
  0x0000021c7780ece0 JavaThread "C1 CompilerThread0" daemon [_thread_blocked, id=25400, stack(0x00000041f0700000,0x00000041f0800000)]
  0x0000021c7780f6d0 JavaThread "Sweeper thread" daemon [_thread_blocked, id=40812, stack(0x00000041f0800000,0x00000041f0900000)]
  0x0000021c77944cd0 JavaThread "Notification Thread" daemon [_thread_blocked, id=47480, stack(0x00000041f0900000,0x00000041f0a00000)]
  0x0000021c779532a0 JavaThread "Common-Cleaner" daemon [_thread_blocked, id=17640, stack(0x00000041f0b00000,0x00000041f0c00000)]
  0x0000021c77a666c0 JavaThread "ForkJoinPool.commonPool-worker-1" daemon [_thread_blocked, id=40004, stack(0x00000041f0e00000,0x00000041f0f00000)]
  0x0000021c78829980 JavaThread "HttpClient-1-SelectorManager" daemon [_thread_in_native, id=51020, stack(0x00000041f1600000,0x00000041f1700000)]
  0x0000021c781dc4f0 JavaThread "Thread-2" [_thread_in_native, id=23120, stack(0x00000041f1700000,0x00000041f1800000)]
  0x0000021c781dc9c0 JavaThread "Driver Service Executor" daemon [_thread_blocked, id=40420, stack(0x00000041f1800000,0x00000041f1900000)]
  0x0000021c787ab760 JavaThread "Driver Service Executor" daemon [_thread_in_native, id=47300, stack(0x00000041f1900000,0x00000041f1a00000)]
  0x0000021c778f0260 JavaThread "UrlChecker-2" daemon [_thread_blocked, id=2584, stack(0x00000041f0c00000,0x00000041f0d00000)]
  0x0000021c781d0c30 JavaThread "Keep-Alive-Timer" daemon [_thread_blocked, id=29852, stack(0x00000041f1a00000,0x00000041f1b00000)]
  0x0000021c781df870 JavaThread "pool-1-thread-1" [_thread_blocked, id=33952, stack(0x00000041f1b00000,0x00000041f1c00000)]
  0x0000021c781e1550 JavaThread "pool-1-thread-2" [_thread_blocked, id=17120, stack(0x00000041f1c00000,0x00000041f1d00000)]
  0x0000021c781e3230 JavaThread "pool-1-thread-3" [_thread_blocked, id=41204, stack(0x00000041f1d00000,0x00000041f1e00000)]
  0x0000021c781dfd40 JavaThread "HttpClient-2-SelectorManager" daemon [_thread_in_native, id=15872, stack(0x00000041f1e00000,0x00000041f1f00000)]
  0x0000021c781e0210 JavaThread "pool-2-thread-1" [_thread_blocked, id=33060, stack(0x00000041f1f00000,0x00000041f2000000)]
  0x0000021c781e1a20 JavaThread "pool-2-thread-2" [_thread_blocked, id=29004, stack(0x00000041f2300000,0x00000041f2400000)]
  0x0000021c781e06e0 JavaThread "pool-2-thread-3" [_thread_blocked, id=11964, stack(0x00000041f2400000,0x00000041f2500000)]
  0x0000021c78cd7920 JavaThread "C2 CompilerThread1" daemon [_thread_blocked, id=37308, stack(0x00000041f2500000,0x00000041f2600000)]

Other Threads:
  0x0000021c76e04550 VMThread "VM Thread" [stack: 0x00000041eff00000,0x00000041f0000000] [id=46728]
  0x0000021c54010100 WatcherThread [stack: 0x00000041f0a00000,0x00000041f0b00000] [id=1552]
  0x0000021c53ff32a0 GCTaskThread "GC Thread#0" [stack: 0x00000041efa00000,0x00000041efb00000] [id=9120]
  0x0000021c78234e50 GCTaskThread "GC Thread#1" [stack: 0x00000041f1000000,0x00000041f1100000] [id=36424]
  0x0000021c7790f7a0 GCTaskThread "GC Thread#2" [stack: 0x00000041f1100000,0x00000041f1200000] [id=5588]
  0x0000021c783e3d60 GCTaskThread "GC Thread#3" [stack: 0x00000041f1200000,0x00000041f1300000] [id=23816]
  0x0000021c78835880 GCTaskThread "GC Thread#4" [stack: 0x00000041f1300000,0x00000041f1400000] [id=43052]
  0x0000021c788791e0 GCTaskThread "GC Thread#5" [stack: 0x00000041f1400000,0x00000041f1500000] [id=15876]
  0x0000021c78879490 GCTaskThread "GC Thread#6" [stack: 0x00000041f1500000,0x00000041f1600000] [id=36068]
  0x0000021c781a1510 GCTaskThread "GC Thread#7" [stack: 0x00000041f2000000,0x00000041f2100000] [id=37120]
  0x0000021c781a17c0 GCTaskThread "GC Thread#8" [stack: 0x00000041f2100000,0x00000041f2200000] [id=53680]
  0x0000021c780b6280 GCTaskThread "GC Thread#9" [stack: 0x00000041f2200000,0x00000041f2300000] [id=48544]
  0x0000021c54004740 ConcurrentGCThread "G1 Main Marker" [stack: 0x00000041efb00000,0x00000041efc00000] [id=4424]
  0x0000021c54005cc0 ConcurrentGCThread "G1 Conc#0" [stack: 0x00000041efc00000,0x00000041efd00000] [id=46592]
  0x0000021c5404ec10 ConcurrentGCThread "G1 Refine#0" [stack: 0x00000041efd00000,0x00000041efe00000] [id=4740]
  0x0000021c76cb9b60 ConcurrentGCThread "G1 Service" [stack: 0x00000041efe00000,0x00000041eff00000] [id=32456]

Threads with active compile tasks:
C2 CompilerThread0    27560 1754       4       java.lang.invoke.MethodType::makeImpl (109 bytes)

VM state: not at safepoint (normal execution)

VM Mutex/Monitor currently owned by a thread: None

Heap address: 0x000000070aa00000, size: 3926 MB, Compressed Oops mode: Zero based, Oop shift amount: 3

CDS archive(s) mapped at: [0x0000000800000000-0x0000000800bc0000-0x0000000800bc0000), size 12320768, SharedBaseAddress: 0x0000000800000000, ArchiveRelocationMode: 0.
Compressed class space mapped at: 0x0000000800c00000-0x0000000840c00000, reserved size: 1073741824
Narrow klass base: 0x0000000800000000, Narrow klass shift: 0, Narrow klass range: 0x100000000

GC Precious Log:
 CPUs: 12 total, 12 available
 Memory: 15697M
 Large Page Support: Disabled
 NUMA Support: Disabled
 Compressed Oops: Enabled (Zero based)
 Heap Region Size: 2M
 Heap Min Capacity: 8M
 Heap Initial Capacity: 246M
 Heap Max Capacity: 3926M
 Pre-touch: Disabled
 Parallel Workers: 10
 Concurrent Workers: 3
 Concurrent Refinement Workers: 10
 Periodic GC: Disabled

Heap:
 garbage-first heap   total 251904K, used 17113K [0x000000070aa00000, 0x0000000800000000)
  region size 2048K, 6 young (12288K), 2 survivors (4096K)
 Metaspace       used 13255K, committed 13504K, reserved 1064960K
  class space    used 1634K, committed 1728K, reserved 1048576K

Heap Regions: E=young(eden), S=young(survivor), O=old, HS=humongous(starts), HC=humongous(continues), CS=collection set, F=free, OA=open archive, CA=closed archive, TAMS=top-at-mark-start (previous, next)
|   0|0x000000070aa00000, 0x000000070ac00000, 0x000000070ac00000|100%| O|  |TAMS 0x000000070aa00000, 0x000000070aa00000| Untracked 
|   1|0x000000070ac00000, 0x000000070ae00000, 0x000000070ae00000|100%| O|  |TAMS 0x000000070ac00000, 0x000000070ac00000| Untracked 
|   2|0x000000070ae00000, 0x000000070b000000, 0x000000070b000000|100%| O|  |TAMS 0x000000070ae00000, 0x000000070ae00000| Untracked 
|   3|0x000000070b000000, 0x000000070b200000, 0x000000070b200000|100%| O|  |TAMS 0x000000070b000000, 0x000000070b000000| Untracked 
|   4|0x000000070b200000, 0x000000070b266800, 0x000000070b400000| 20%| O|  |TAMS 0x000000070b200000, 0x000000070b200000| Untracked 
|   5|0x000000070b400000, 0x000000070b400000, 0x000000070b600000|  0%| F|  |TAMS 0x000000070b400000, 0x000000070b400000| Untracked 
|   6|0x000000070b600000, 0x000000070b600000, 0x000000070b800000|  0%| F|  |TAMS 0x000000070b600000, 0x000000070b600000| Untracked 
|   7|0x000000070b800000, 0x000000070b800000, 0x000000070ba00000|  0%| F|  |TAMS 0x000000070b800000, 0x000000070b800000| Untracked 
|   8|0x000000070ba00000, 0x000000070ba00000, 0x000000070bc00000|  0%| F|  |TAMS 0x000000070ba00000, 0x000000070ba00000| Untracked 
|   9|0x000000070bc00000, 0x000000070bc00000, 0x000000070be00000|  0%| F|  |TAMS 0x000000070bc00000, 0x000000070bc00000| Untracked 
|  10|0x000000070be00000, 0x000000070be00000, 0x000000070c000000|  0%| F|  |TAMS 0x000000070be00000, 0x000000070be00000| Untracked 
|  11|0x000000070c000000, 0x000000070c000000, 0x000000070c200000|  0%| F|  |TAMS 0x000000070c000000, 0x000000070c000000| Untracked 
|  12|0x000000070c200000, 0x000000070c200000, 0x000000070c400000|  0%| F|  |TAMS 0x000000070c200000, 0x000000070c200000| Untracked 
|  13|0x000000070c400000, 0x000000070c400000, 0x000000070c600000|  0%| F|  |TAMS 0x000000070c400000, 0x000000070c400000| Untracked 
|  14|0x000000070c600000, 0x000000070c600000, 0x000000070c800000|  0%| F|  |TAMS 0x000000070c600000, 0x000000070c600000| Untracked 
|  15|0x000000070c800000, 0x000000070c800000, 0x000000070ca00000|  0%| F|  |TAMS 0x000000070c800000, 0x000000070c800000| Untracked 
|  16|0x000000070ca00000, 0x000000070ca00000, 0x000000070cc00000|  0%| F|  |TAMS 0x000000070ca00000, 0x000000070ca00000| Untracked 
|  17|0x000000070cc00000, 0x000000070cc00000, 0x000000070ce00000|  0%| F|  |TAMS 0x000000070cc00000, 0x000000070cc00000| Untracked 
|  18|0x000000070ce00000, 0x000000070ce00000, 0x000000070d000000|  0%| F|  |TAMS 0x000000070ce00000, 0x000000070ce00000| Untracked 
|  19|0x000000070d000000, 0x000000070d000000, 0x000000070d200000|  0%| F|  |TAMS 0x000000070d000000, 0x000000070d000000| Untracked 
|  20|0x000000070d200000, 0x000000070d200000, 0x000000070d400000|  0%| F|  |TAMS 0x000000070d200000, 0x000000070d200000| Untracked 
|  21|0x000000070d400000, 0x000000070d400000, 0x000000070d600000|  0%| F|  |TAMS 0x000000070d400000, 0x000000070d400000| Untracked 
|  22|0x000000070d600000, 0x000000070d600000, 0x000000070d800000|  0%| F|  |TAMS 0x000000070d600000, 0x000000070d600000| Untracked 
|  23|0x000000070d800000, 0x000000070d800000, 0x000000070da00000|  0%| F|  |TAMS 0x000000070d800000, 0x000000070d800000| Untracked 
|  24|0x000000070da00000, 0x000000070da00000, 0x000000070dc00000|  0%| F|  |TAMS 0x000000070da00000, 0x000000070da00000| Untracked 
|  25|0x000000070dc00000, 0x000000070dc00000, 0x000000070de00000|  0%| F|  |TAMS 0x000000070dc00000, 0x000000070dc00000| Untracked 
|  26|0x000000070de00000, 0x000000070de00000, 0x000000070e000000|  0%| F|  |TAMS 0x000000070de00000, 0x000000070de00000| Untracked 
|  27|0x000000070e000000, 0x000000070e000000, 0x000000070e200000|  0%| F|  |TAMS 0x000000070e000000, 0x000000070e000000| Untracked 
|  28|0x000000070e200000, 0x000000070e200000, 0x000000070e400000|  0%| F|  |TAMS 0x000000070e200000, 0x000000070e200000| Untracked 
|  29|0x000000070e400000, 0x000000070e400000, 0x000000070e600000|  0%| F|  |TAMS 0x000000070e400000, 0x000000070e400000| Untracked 
|  30|0x000000070e600000, 0x000000070e600000, 0x000000070e800000|  0%| F|  |TAMS 0x000000070e600000, 0x000000070e600000| Untracked 
|  31|0x000000070e800000, 0x000000070e800000, 0x000000070ea00000|  0%| F|  |TAMS 0x000000070e800000, 0x000000070e800000| Untracked 
|  32|0x000000070ea00000, 0x000000070ea00000, 0x000000070ec00000|  0%| F|  |TAMS 0x000000070ea00000, 0x000000070ea00000| Untracked 
|  33|0x000000070ec00000, 0x000000070ec00000, 0x000000070ee00000|  0%| F|  |TAMS 0x000000070ec00000, 0x000000070ec00000| Untracked 
|  34|0x000000070ee00000, 0x000000070ee00000, 0x000000070f000000|  0%| F|  |TAMS 0x000000070ee00000, 0x000000070ee00000| Untracked 
|  35|0x000000070f000000, 0x000000070f000000, 0x000000070f200000|  0%| F|  |TAMS 0x000000070f000000, 0x000000070f000000| Untracked 
|  36|0x000000070f200000, 0x000000070f200000, 0x000000070f400000|  0%| F|  |TAMS 0x000000070f200000, 0x000000070f200000| Untracked 
|  37|0x000000070f400000, 0x000000070f400000, 0x000000070f600000|  0%| F|  |TAMS 0x000000070f400000, 0x000000070f400000| Untracked 
|  38|0x000000070f600000, 0x000000070f600000, 0x000000070f800000|  0%| F|  |TAMS 0x000000070f600000, 0x000000070f600000| Untracked 
|  39|0x000000070f800000, 0x000000070f800000, 0x000000070fa00000|  0%| F|  |TAMS 0x000000070f800000, 0x000000070f800000| Untracked 
|  40|0x000000070fa00000, 0x000000070fa00000, 0x000000070fc00000|  0%| F|  |TAMS 0x000000070fa00000, 0x000000070fa00000| Untracked 
|  41|0x000000070fc00000, 0x000000070fc00000, 0x000000070fe00000|  0%| F|  |TAMS 0x000000070fc00000, 0x000000070fc00000| Untracked 
|  42|0x000000070fe00000, 0x000000070fe00000, 0x0000000710000000|  0%| F|  |TAMS 0x000000070fe00000, 0x000000070fe00000| Untracked 
|  43|0x0000000710000000, 0x0000000710000000, 0x0000000710200000|  0%| F|  |TAMS 0x0000000710000000, 0x0000000710000000| Untracked 
|  44|0x0000000710200000, 0x0000000710200000, 0x0000000710400000|  0%| F|  |TAMS 0x0000000710200000, 0x0000000710200000| Untracked 
|  45|0x0000000710400000, 0x0000000710400000, 0x0000000710600000|  0%| F|  |TAMS 0x0000000710400000, 0x0000000710400000| Untracked 
|  46|0x0000000710600000, 0x0000000710600000, 0x0000000710800000|  0%| F|  |TAMS 0x0000000710600000, 0x0000000710600000| Untracked 
|  47|0x0000000710800000, 0x0000000710800000, 0x0000000710a00000|  0%| F|  |TAMS 0x0000000710800000, 0x0000000710800000| Untracked 
|  48|0x0000000710a00000, 0x0000000710a00000, 0x0000000710c00000|  0%| F|  |TAMS 0x0000000710a00000, 0x0000000710a00000| Untracked 
|  49|0x0000000710c00000, 0x0000000710c00000, 0x0000000710e00000|  0%| F|  |TAMS 0x0000000710c00000, 0x0000000710c00000| Untracked 
|  50|0x0000000710e00000, 0x0000000710e00000, 0x0000000711000000|  0%| F|  |TAMS 0x0000000710e00000, 0x0000000710e00000| Untracked 
|  51|0x0000000711000000, 0x0000000711000000, 0x0000000711200000|  0%| F|  |TAMS 0x0000000711000000, 0x0000000711000000| Untracked 
|  52|0x0000000711200000, 0x0000000711200000, 0x0000000711400000|  0%| F|  |TAMS 0x0000000711200000, 0x0000000711200000| Untracked 
|  53|0x0000000711400000, 0x0000000711400000, 0x0000000711600000|  0%| F|  |TAMS 0x0000000711400000, 0x0000000711400000| Untracked 
|  54|0x0000000711600000, 0x0000000711600000, 0x0000000711800000|  0%| F|  |TAMS 0x0000000711600000, 0x0000000711600000| Untracked 
|  55|0x0000000711800000, 0x0000000711800000, 0x0000000711a00000|  0%| F|  |TAMS 0x0000000711800000, 0x0000000711800000| Untracked 
|  56|0x0000000711a00000, 0x0000000711a00000, 0x0000000711c00000|  0%| F|  |TAMS 0x0000000711a00000, 0x0000000711a00000| Untracked 
|  57|0x0000000711c00000, 0x0000000711c00000, 0x0000000711e00000|  0%| F|  |TAMS 0x0000000711c00000, 0x0000000711c00000| Untracked 
|  58|0x0000000711e00000, 0x0000000711e00000, 0x0000000712000000|  0%| F|  |TAMS 0x0000000711e00000, 0x0000000711e00000| Untracked 
|  59|0x0000000712000000, 0x0000000712000000, 0x0000000712200000|  0%| F|  |TAMS 0x0000000712000000, 0x0000000712000000| Untracked 
|  60|0x0000000712200000, 0x0000000712200000, 0x0000000712400000|  0%| F|  |TAMS 0x0000000712200000, 0x0000000712200000| Untracked 
|  61|0x0000000712400000, 0x0000000712400000, 0x0000000712600000|  0%| F|  |TAMS 0x0000000712400000, 0x0000000712400000| Untracked 
|  62|0x0000000712600000, 0x0000000712600000, 0x0000000712800000|  0%| F|  |TAMS 0x0000000712600000, 0x0000000712600000| Untracked 
|  63|0x0000000712800000, 0x0000000712800000, 0x0000000712a00000|  0%| F|  |TAMS 0x0000000712800000, 0x0000000712800000| Untracked 
|  64|0x0000000712a00000, 0x0000000712a00000, 0x0000000712c00000|  0%| F|  |TAMS 0x0000000712a00000, 0x0000000712a00000| Untracked 
|  65|0x0000000712c00000, 0x0000000712c00000, 0x0000000712e00000|  0%| F|  |TAMS 0x0000000712c00000, 0x0000000712c00000| Untracked 
|  66|0x0000000712e00000, 0x0000000712e00000, 0x0000000713000000|  0%| F|  |TAMS 0x0000000712e00000, 0x0000000712e00000| Untracked 
|  67|0x0000000713000000, 0x0000000713000000, 0x0000000713200000|  0%| F|  |TAMS 0x0000000713000000, 0x0000000713000000| Untracked 
|  68|0x0000000713200000, 0x0000000713200000, 0x0000000713400000|  0%| F|  |TAMS 0x0000000713200000, 0x0000000713200000| Untracked 
|  69|0x0000000713400000, 0x0000000713400000, 0x0000000713600000|  0%| F|  |TAMS 0x0000000713400000, 0x0000000713400000| Untracked 
|  70|0x0000000713600000, 0x0000000713600000, 0x0000000713800000|  0%| F|  |TAMS 0x0000000713600000, 0x0000000713600000| Untracked 
|  71|0x0000000713800000, 0x0000000713800000, 0x0000000713a00000|  0%| F|  |TAMS 0x0000000713800000, 0x0000000713800000| Untracked 
|  72|0x0000000713a00000, 0x0000000713a00000, 0x0000000713c00000|  0%| F|  |TAMS 0x0000000713a00000, 0x0000000713a00000| Untracked 
|  73|0x0000000713c00000, 0x0000000713c00000, 0x0000000713e00000|  0%| F|  |TAMS 0x0000000713c00000, 0x0000000713c00000| Untracked 
|  74|0x0000000713e00000, 0x0000000713e00000, 0x0000000714000000|  0%| F|  |TAMS 0x0000000713e00000, 0x0000000713e00000| Untracked 
|  75|0x0000000714000000, 0x0000000714000000, 0x0000000714200000|  0%| F|  |TAMS 0x0000000714000000, 0x0000000714000000| Untracked 
|  76|0x0000000714200000, 0x0000000714200000, 0x0000000714400000|  0%| F|  |TAMS 0x0000000714200000, 0x0000000714200000| Untracked 
|  77|0x0000000714400000, 0x0000000714400000, 0x0000000714600000|  0%| F|  |TAMS 0x0000000714400000, 0x0000000714400000| Untracked 
|  78|0x0000000714600000, 0x0000000714600000, 0x0000000714800000|  0%| F|  |TAMS 0x0000000714600000, 0x0000000714600000| Untracked 
|  79|0x0000000714800000, 0x0000000714800000, 0x0000000714a00000|  0%| F|  |TAMS 0x0000000714800000, 0x0000000714800000| Untracked 
|  80|0x0000000714a00000, 0x0000000714a00000, 0x0000000714c00000|  0%| F|  |TAMS 0x0000000714a00000, 0x0000000714a00000| Untracked 
|  81|0x0000000714c00000, 0x0000000714c00000, 0x0000000714e00000|  0%| F|  |TAMS 0x0000000714c00000, 0x0000000714c00000| Untracked 
|  82|0x0000000714e00000, 0x0000000714e00000, 0x0000000715000000|  0%| F|  |TAMS 0x0000000714e00000, 0x0000000714e00000| Untracked 
|  83|0x0000000715000000, 0x0000000715000000, 0x0000000715200000|  0%| F|  |TAMS 0x0000000715000000, 0x0000000715000000| Untracked 
|  84|0x0000000715200000, 0x0000000715200000, 0x0000000715400000|  0%| F|  |TAMS 0x0000000715200000, 0x0000000715200000| Untracked 
|  85|0x0000000715400000, 0x0000000715400000, 0x0000000715600000|  0%| F|  |TAMS 0x0000000715400000, 0x0000000715400000| Untracked 
|  86|0x0000000715600000, 0x0000000715600000, 0x0000000715800000|  0%| F|  |TAMS 0x0000000715600000, 0x0000000715600000| Untracked 
|  87|0x0000000715800000, 0x0000000715800000, 0x0000000715a00000|  0%| F|  |TAMS 0x0000000715800000, 0x0000000715800000| Untracked 
|  88|0x0000000715a00000, 0x0000000715a00000, 0x0000000715c00000|  0%| F|  |TAMS 0x0000000715a00000, 0x0000000715a00000| Untracked 
|  89|0x0000000715c00000, 0x0000000715c00000, 0x0000000715e00000|  0%| F|  |TAMS 0x0000000715c00000, 0x0000000715c00000| Untracked 
|  90|0x0000000715e00000, 0x0000000715e00000, 0x0000000716000000|  0%| F|  |TAMS 0x0000000715e00000, 0x0000000715e00000| Untracked 
|  91|0x0000000716000000, 0x0000000716000000, 0x0000000716200000|  0%| F|  |TAMS 0x0000000716000000, 0x0000000716000000| Untracked 
|  92|0x0000000716200000, 0x0000000716200000, 0x0000000716400000|  0%| F|  |TAMS 0x0000000716200000, 0x0000000716200000| Untracked 
|  93|0x0000000716400000, 0x0000000716400000, 0x0000000716600000|  0%| F|  |TAMS 0x0000000716400000, 0x0000000716400000| Untracked 
|  94|0x0000000716600000, 0x0000000716600000, 0x0000000716800000|  0%| F|  |TAMS 0x0000000716600000, 0x0000000716600000| Untracked 
|  95|0x0000000716800000, 0x0000000716800000, 0x0000000716a00000|  0%| F|  |TAMS 0x0000000716800000, 0x0000000716800000| Untracked 
|  96|0x0000000716a00000, 0x0000000716a00000, 0x0000000716c00000|  0%| F|  |TAMS 0x0000000716a00000, 0x0000000716a00000| Untracked 
|  97|0x0000000716c00000, 0x0000000716c00000, 0x0000000716e00000|  0%| F|  |TAMS 0x0000000716c00000, 0x0000000716c00000| Untracked 
|  98|0x0000000716e00000, 0x0000000716e00000, 0x0000000717000000|  0%| F|  |TAMS 0x0000000716e00000, 0x0000000716e00000| Untracked 
|  99|0x0000000717000000, 0x0000000717000000, 0x0000000717200000|  0%| F|  |TAMS 0x0000000717000000, 0x0000000717000000| Untracked 
| 100|0x0000000717200000, 0x0000000717200000, 0x0000000717400000|  0%| F|  |TAMS 0x0000000717200000, 0x0000000717200000| Untracked 
| 101|0x0000000717400000, 0x0000000717400000, 0x0000000717600000|  0%| F|  |TAMS 0x0000000717400000, 0x0000000717400000| Untracked 
| 102|0x0000000717600000, 0x0000000717600000, 0x0000000717800000|  0%| F|  |TAMS 0x0000000717600000, 0x0000000717600000| Untracked 
| 103|0x0000000717800000, 0x0000000717800000, 0x0000000717a00000|  0%| F|  |TAMS 0x0000000717800000, 0x0000000717800000| Untracked 
| 104|0x0000000717a00000, 0x0000000717a00000, 0x0000000717c00000|  0%| F|  |TAMS 0x0000000717a00000, 0x0000000717a00000| Untracked 
| 105|0x0000000717c00000, 0x0000000717c00000, 0x0000000717e00000|  0%| F|  |TAMS 0x0000000717c00000, 0x0000000717c00000| Untracked 
| 106|0x0000000717e00000, 0x0000000717e00000, 0x0000000718000000|  0%| F|  |TAMS 0x0000000717e00000, 0x0000000717e00000| Untracked 
| 107|0x0000000718000000, 0x0000000718000000, 0x0000000718200000|  0%| F|  |TAMS 0x0000000718000000, 0x0000000718000000| Untracked 
| 108|0x0000000718200000, 0x0000000718200000, 0x0000000718400000|  0%| F|  |TAMS 0x0000000718200000, 0x0000000718200000| Untracked 
| 109|0x0000000718400000, 0x000000071844ffb0, 0x0000000718600000| 15%| S|CS|TAMS 0x0000000718400000, 0x0000000718400000| Complete 
| 110|0x0000000718600000, 0x0000000718600000, 0x0000000718800000|  0%| F|  |TAMS 0x0000000718600000, 0x0000000718600000| Untracked 
| 111|0x0000000718800000, 0x0000000718800000, 0x0000000718a00000|  0%| F|  |TAMS 0x0000000718800000, 0x0000000718800000| Untracked 
| 112|0x0000000718a00000, 0x0000000718c00000, 0x0000000718c00000|100%| S|CS|TAMS 0x0000000718a00000, 0x0000000718a00000| Complete 
| 113|0x0000000718c00000, 0x0000000718c00000, 0x0000000718e00000|  0%| F|  |TAMS 0x0000000718c00000, 0x0000000718c00000| Untracked 
| 114|0x0000000718e00000, 0x0000000718e00000, 0x0000000719000000|  0%| F|  |TAMS 0x0000000718e00000, 0x0000000718e00000| Untracked 
| 115|0x0000000719000000, 0x0000000719000000, 0x0000000719200000|  0%| F|  |TAMS 0x0000000719000000, 0x0000000719000000| Untracked 
| 116|0x0000000719200000, 0x0000000719200000, 0x0000000719400000|  0%| F|  |TAMS 0x0000000719200000, 0x0000000719200000| Untracked 
| 117|0x0000000719400000, 0x0000000719400000, 0x0000000719600000|  0%| F|  |TAMS 0x0000000719400000, 0x0000000719400000| Untracked 
| 118|0x0000000719600000, 0x0000000719600000, 0x0000000719800000|  0%| F|  |TAMS 0x0000000719600000, 0x0000000719600000| Untracked 
| 119|0x0000000719800000, 0x00000007198ffe98, 0x0000000719a00000| 49%| E|  |TAMS 0x0000000719800000, 0x0000000719800000| Complete 
| 120|0x0000000719a00000, 0x0000000719c00000, 0x0000000719c00000|100%| E|CS|TAMS 0x0000000719a00000, 0x0000000719a00000| Complete 
| 121|0x0000000719c00000, 0x0000000719e00000, 0x0000000719e00000|100%| E|CS|TAMS 0x0000000719c00000, 0x0000000719c00000| Complete 
| 122|0x0000000719e00000, 0x000000071a000000, 0x000000071a000000|100%| E|CS|TAMS 0x0000000719e00000, 0x0000000719e00000| Complete 

Card table byte_map: [0x0000021c6b760000,0x0000021c6bf10000] _byte_map_base: 0x0000021c67f0b000

Marking Bits (Prev, Next): (CMBitMap*) 0x0000021c53ff38b0, (CMBitMap*) 0x0000021c53ff38f0
 Prev Bits: [0x0000021c6c6c0000, 0x0000021c70418000)
 Next Bits: [0x0000021c70420000, 0x0000021c74178000)

Polling page: 0x0000021c53750000

Metaspace:

Usage:
  Non-class:     11.36 MB used.
      Class:      1.60 MB used.
       Both:     12.96 MB used.

Virtual space:
  Non-class space:       16.00 MB reserved,      11.50 MB ( 72%) committed,  2 nodes.
      Class space:        1.00 GB reserved,       1.69 MB ( <1%) committed,  1 nodes.
             Both:        1.02 GB reserved,      13.19 MB (  1%) committed. 

Chunk freelists:
   Non-Class:  320.00 KB
       Class:  2.20 MB
        Both:  2.52 MB

MaxMetaspaceSize: unlimited
CompressedClassSpaceSize: 1.00 GB
Initial GC threshold: 21.00 MB
Current GC threshold: 21.00 MB
CDS: on
MetaspaceReclaimPolicy: balanced
 - commit_granule_bytes: 65536.
 - commit_granule_words: 8192.
 - virtual_space_node_default_size: 1048576.
 - enlarge_chunks_in_place: 1.
 - new_chunks_are_fully_committed: 0.
 - uncommit_free_chunks: 1.
 - use_allocation_guard: 0.
 - handle_deallocations: 1.


Internal statistics:

num_allocs_failed_limit: 0.
num_arena_births: 212.
num_arena_deaths: 0.
num_vsnodes_births: 3.
num_vsnodes_deaths: 0.
num_space_committed: 211.
num_space_uncommitted: 0.
num_chunks_returned_to_freelist: 0.
num_chunks_taken_from_freelist: 516.
num_chunk_merges: 0.
num_chunk_splits: 320.
num_chunks_enlarged: 225.
num_purges: 0.
num_inconsistent_stats: 0.

CodeHeap 'non-profiled nmethods': size=120000Kb used=662Kb max_used=662Kb free=119337Kb
 bounds [0x0000021c63520000, 0x0000021c63790000, 0x0000021c6aa50000]
CodeHeap 'profiled nmethods': size=120000Kb used=3566Kb max_used=3566Kb free=116433Kb
 bounds [0x0000021c5bff0000, 0x0000021c5c370000, 0x0000021c63520000]
CodeHeap 'non-nmethods': size=5760Kb used=1221Kb max_used=1236Kb free=4538Kb
 bounds [0x0000021c5ba50000, 0x0000021c5bcc0000, 0x0000021c5bff0000]
 total_blobs=2369 nmethods=1842 adapters=439
 compilation: enabled
              stopped_count=0, restarted_count=0
 full_count=0

Compilation events (20 events):
Event: 27.513 Thread 0x0000021c7780ece0 nmethod 1783 0x0000021c5c352290 code [0x0000021c5c352460, 0x0000021c5c3527f8]
Event: 27.515 Thread 0x0000021c7780ece0 1785       3       java.util.stream.AbstractPipeline::wrapSink (37 bytes)
Event: 27.515 Thread 0x0000021c78cd7920 1786       4       java.lang.StringUTF16::getChar (60 bytes)
Event: 27.516 Thread 0x0000021c7780ece0 nmethod 1785 0x0000021c5c352990 code [0x0000021c5c352b60, 0x0000021c5c352f78]
Event: 27.516 Thread 0x0000021c7780ece0 1784       3       java.util.stream.AbstractPipeline::wrapAndCopyInto (18 bytes)
Event: 27.516 Thread 0x0000021c7780ece0 nmethod 1784 0x0000021c5c353110 code [0x0000021c5c3532e0, 0x0000021c5c3536e8]
Event: 27.516 Thread 0x0000021c78cd7920 nmethod 1786 0x0000021c635c2210 code [0x0000021c635c2380, 0x0000021c635c2458]
Event: 27.517 Thread 0x0000021c7780ece0 1787       3       java.util.stream.AbstractPipeline::sourceSpliterator (265 bytes)
Event: 27.518 Thread 0x0000021c7780ece0 nmethod 1787 0x0000021c5c353890 code [0x0000021c5c353b00, 0x0000021c5c354908]
Event: 27.518 Thread 0x0000021c7780ece0 1788       3       java.lang.invoke.MemberName::equals (69 bytes)
Event: 27.519 Thread 0x0000021c7780ece0 nmethod 1788 0x0000021c5c354d90 code [0x0000021c5c355020, 0x0000021c5c355d58]
Event: 27.519 Thread 0x0000021c7780ece0 1791       3       java.lang.CharacterData::of (136 bytes)
Event: 27.520 Thread 0x0000021c7780ece0 nmethod 1791 0x0000021c5c356090 code [0x0000021c5c3562c0, 0x0000021c5c356bb8]
Event: 27.520 Thread 0x0000021c7780ece0 1789       3       java.lang.invoke.MethodHandles$Lookup::findConstructor (61 bytes)
Event: 27.521 Thread 0x0000021c7780ece0 nmethod 1789 0x0000021c5c356e10 code [0x0000021c5c357080, 0x0000021c5c3578b8]
Event: 27.521 Thread 0x0000021c7780ece0 1790       3       java.lang.invoke.MethodHandles$Lookup::getDirectConstructor (10 bytes)
Event: 27.521 Thread 0x0000021c7780ece0 nmethod 1790 0x0000021c5c357c10 code [0x0000021c5c357da0, 0x0000021c5c357ee8]
Event: 27.521 Thread 0x0000021c7780ece0 1792       3       java.util.regex.Pattern$BmpCharProperty::match (55 bytes)
Event: 27.521 Thread 0x0000021c7780ece0 nmethod 1792 0x0000021c5c357f90 code [0x0000021c5c358160, 0x0000021c5c358608]
Event: 27.521 Thread 0x0000021c7780ece0 1793       3       java.lang.invoke.MethodHandles$Lookup::getDirectMethodNoSecurityManager (18 bytes)

GC Heap History (4 events):
Event: 22.818 GC heap before
{Heap before GC invocations=0 (full 0):
 garbage-first heap   total 251904K, used 20480K [0x000000070aa00000, 0x0000000800000000)
  region size 2048K, 11 young (22528K), 0 survivors (0K)
 Metaspace       used 5814K, committed 6016K, reserved 1056768K
  class space    used 684K, committed 768K, reserved 1048576K
}
Event: 22.826 GC heap after
{Heap after GC invocations=1 (full 0):
 garbage-first heap   total 251904K, used 8680K [0x000000070aa00000, 0x0000000800000000)
  region size 2048K, 2 young (4096K), 2 survivors (4096K)
 Metaspace       used 5814K, committed 6016K, reserved 1056768K
  class space    used 684K, committed 768K, reserved 1048576K
}
Event: 27.426 GC heap before
{Heap before GC invocations=1 (full 0):
 garbage-first heap   total 251904K, used 29160K [0x000000070aa00000, 0x0000000800000000)
  region size 2048K, 12 young (24576K), 2 survivors (4096K)
 Metaspace       used 12138K, committed 12416K, reserved 1064960K
  class space    used 1491K, committed 1664K, reserved 1048576K
}
Event: 27.431 GC heap after
{Heap after GC invocations=2 (full 0):
 garbage-first heap   total 251904K, used 10969K [0x000000070aa00000, 0x0000000800000000)
  region size 2048K, 2 young (4096K), 2 survivors (4096K)
 Metaspace       used 12138K, committed 12416K, reserved 1064960K
  class space    used 1491K, committed 1664K, reserved 1048576K
}

Deoptimization events (20 events):
Event: 23.413 Thread 0x0000021c778f0260 Uncommon trap: trap_request=0xffffff45 fr.pc=0x0000021c6356fc4c relative=0x00000000000000ac
Event: 23.413 Thread 0x0000021c778f0260 Uncommon trap: reason=unstable_if action=reinterpret pc=0x0000021c6356fc4c method=java.lang.CharacterDataLatin1.digit(II)I @ 12 c2
Event: 23.413 Thread 0x0000021c778f0260 DEOPT PACKING pc=0x0000021c6356fc4c sp=0x00000041f0cfe740
Event: 23.413 Thread 0x0000021c778f0260 DEOPT UNPACKING pc=0x0000021c5baa23a3 sp=0x00000041f0cfe5f8 mode 2
Event: 23.431 Thread 0x0000021c778f0260 Uncommon trap: trap_request=0xffffff45 fr.pc=0x0000021c6356f8c8 relative=0x00000000000000a8
Event: 23.431 Thread 0x0000021c778f0260 Uncommon trap: reason=unstable_if action=reinterpret pc=0x0000021c6356f8c8 method=java.lang.CharacterDataLatin1.digit(II)I @ 12 c2
Event: 23.431 Thread 0x0000021c778f0260 DEOPT PACKING pc=0x0000021c6356f8c8 sp=0x00000041f0cfe690
Event: 23.431 Thread 0x0000021c778f0260 DEOPT UNPACKING pc=0x0000021c5baa23a3 sp=0x00000041f0cfe608 mode 2
Event: 24.080 Thread 0x0000021c78829980 Uncommon trap: trap_request=0xffffff45 fr.pc=0x0000021c6358d344 relative=0x0000000000000184
Event: 24.080 Thread 0x0000021c78829980 Uncommon trap: reason=unstable_if action=reinterpret pc=0x0000021c6358d344 method=java.lang.invoke.VarHandle.checkExactAccessMode(Ljava/lang/invoke/VarHandle$AccessDescriptor;)V @ 4 c2
Event: 24.080 Thread 0x0000021c78829980 DEOPT PACKING pc=0x0000021c6358d344 sp=0x00000041f16feda0
Event: 24.080 Thread 0x0000021c78829980 DEOPT UNPACKING pc=0x0000021c5baa23a3 sp=0x00000041f16fece0 mode 2
Event: 27.380 Thread 0x0000021c53fa7030 Uncommon trap: trap_request=0xffffffde fr.pc=0x0000021c6357e794 relative=0x00000000000008f4
Event: 27.380 Thread 0x0000021c53fa7030 Uncommon trap: reason=class_check action=maybe_recompile pc=0x0000021c6357e794 method=java.util.HashMap.putVal(ILjava/lang/Object;Ljava/lang/Object;ZZ)Ljava/lang/Object; @ 253 c2
Event: 27.380 Thread 0x0000021c53fa7030 DEOPT PACKING pc=0x0000021c6357e794 sp=0x00000041ef9fe5f0
Event: 27.380 Thread 0x0000021c53fa7030 DEOPT UNPACKING pc=0x0000021c5baa23a3 sp=0x00000041ef9fe528 mode 2
Event: 27.515 Thread 0x0000021c53fa7030 Uncommon trap: trap_request=0xffffff45 fr.pc=0x0000021c6356f548 relative=0x0000000000000048
Event: 27.515 Thread 0x0000021c53fa7030 Uncommon trap: reason=unstable_if action=reinterpret pc=0x0000021c6356f548 method=java.lang.CharacterData.of(I)Ljava/lang/CharacterData; @ 4 c2
Event: 27.515 Thread 0x0000021c53fa7030 DEOPT PACKING pc=0x0000021c6356f548 sp=0x00000041ef9fe1b0
Event: 27.515 Thread 0x0000021c53fa7030 DEOPT UNPACKING pc=0x0000021c5baa23a3 sp=0x00000041ef9fe150 mode 2

Classes unloaded (0 events):
No events

Classes redefined (0 events):
No events

Internal exceptions (20 events):
Event: 23.414 Thread 0x0000021c778f0260 Exception <a 'java/net/ConnectException'{0x00000007196d2608}: Connection refused: no further information> (0x00000007196d2608) 
thrown [c:\jenkins\workspace\zulu17-build-win64\zulu-src.git\src\hotspot\share\prims\jni.cpp, line 535]
Event: 23.414 Thread 0x0000021c778f0260 Exception <a 'java/net/SocketException'{0x00000007196d2940}: Socket is not connected: shutdown> (0x00000007196d2940) 
thrown [c:\jenkins\workspace\zulu17-build-win64\zulu-src.git\src\hotspot\share\prims\jni.cpp, line 535]
Event: 23.432 Thread 0x0000021c778f0260 Exception <a 'java/net/ConnectException'{0x00000007196d3938}: Connection refused: no further information> (0x00000007196d3938) 
thrown [c:\jenkins\workspace\zulu17-build-win64\zulu-src.git\src\hotspot\share\prims\jni.cpp, line 535]
Event: 23.432 Thread 0x0000021c778f0260 Exception <a 'java/net/SocketException'{0x00000007196d3c70}: Socket is not connected: shutdown> (0x00000007196d3c70) 
thrown [c:\jenkins\workspace\zulu17-build-win64\zulu-src.git\src\hotspot\share\prims\jni.cpp, line 535]
Event: 23.464 Thread 0x0000021c778f0260 Exception <a 'java/net/ConnectException'{0x00000007196d4b98}: Connection refused: no further information> (0x00000007196d4b98) 
thrown [c:\jenkins\workspace\zulu17-build-win64\zulu-src.git\src\hotspot\share\prims\jni.cpp, line 535]
Event: 23.465 Thread 0x0000021c778f0260 Exception <a 'java/net/SocketException'{0x00000007196d4ed0}: Socket is not connected: shutdown> (0x00000007196d4ed0) 
thrown [c:\jenkins\workspace\zulu17-build-win64\zulu-src.git\src\hotspot\share\prims\jni.cpp, line 535]
Event: 23.511 Thread 0x0000021c778f0260 Exception <a 'java/net/ConnectException'{0x00000007196d5df8}: Connection refused: no further information> (0x00000007196d5df8) 
thrown [c:\jenkins\workspace\zulu17-build-win64\zulu-src.git\src\hotspot\share\prims\jni.cpp, line 535]
Event: 23.511 Thread 0x0000021c778f0260 Exception <a 'java/net/SocketException'{0x00000007196d6130}: Socket is not connected: shutdown> (0x00000007196d6130) 
thrown [c:\jenkins\workspace\zulu17-build-win64\zulu-src.git\src\hotspot\share\prims\jni.cpp, line 535]
Event: 23.620 Thread 0x0000021c778f0260 Exception <a 'java/net/ConnectException'{0x00000007196d7058}: Connection refused: no further information> (0x00000007196d7058) 
thrown [c:\jenkins\workspace\zulu17-build-win64\zulu-src.git\src\hotspot\share\prims\jni.cpp, line 535]
Event: 23.620 Thread 0x0000021c778f0260 Exception <a 'java/net/SocketException'{0x00000007196d7390}: Socket is not connected: shutdown> (0x00000007196d7390) 
thrown [c:\jenkins\workspace\zulu17-build-win64\zulu-src.git\src\hotspot\share\prims\jni.cpp, line 535]
Event: 23.876 Thread 0x0000021c53fa7030 Exception <a 'java/lang/NoSuchMethodError'{0x00000007197faf38}: 'java.lang.Object java.lang.invoke.DirectMethodHandle$Holder.newInvokeSpecial(java.lang.Object, java.lang.Object, int, int)'> (0x00000007197faf38) 
thrown [c:\jenkins\workspace\zulu17-build-win64\zulu-src.git\src\hotspot\share\interpreter\linkResolver.cpp, line 766]
Event: 23.879 Thread 0x0000021c53fa7030 Exception <a 'java/lang/NoSuchMethodError'{0x0000000719406248}: 'void java.lang.invoke.DirectMethodHandle$Holder.invokeStatic(java.lang.Object, java.lang.Object, int)'> (0x0000000719406248) 
thrown [c:\jenkins\workspace\zulu17-build-win64\zulu-src.git\src\hotspot\share\interpreter\linkResolver.cpp, line 766]
Event: 23.938 Thread 0x0000021c53fa7030 Exception <a 'java/lang/NoSuchMethodError'{0x0000000719530eb8}: 'java.lang.Object java.lang.invoke.DirectMethodHandle$Holder.newInvokeSpecial(java.lang.Object, java.lang.Object, java.lang.Object, java.lang.Object, java.lang.Object)'> (0x0000000719530eb8) 
thrown [c:\jenkins\workspace\zulu17-build-win64\zulu-src.git\src\hotspot\share\interpreter\linkResolver.cpp, line 766]
Event: 24.023 Thread 0x0000021c53fa7030 Exception <a 'java/lang/NoSuchMethodError'{0x00000007193e3958}: 'void java.lang.invoke.DirectMethodHandle$Holder.invokeSpecial(java.lang.Object, java.lang.Object, java.lang.Object)'> (0x00000007193e3958) 
thrown [c:\jenkins\workspace\zulu17-build-win64\zulu-src.git\src\hotspot\share\interpreter\linkResolver.cpp, line 766]
Event: 24.052 Thread 0x0000021c781df870 Exception <a 'java/lang/NoSuchMethodError'{0x00000007190a98e0}: 'java.lang.Object java.lang.invoke.DirectMethodHandle$Holder.invokeSpecial(java.lang.Object, java.lang.Object, java.lang.Object, java.lang.Object, int)'> (0x00000007190a98e0) 
thrown [c:\jenkins\workspace\zulu17-build-win64\zulu-src.git\src\hotspot\share\interpreter\linkResolver.cpp, line 766]
Event: 24.053 Thread 0x0000021c781df870 Exception <a 'java/lang/NoSuchMethodError'{0x00000007190ad4a8}: 'java.lang.Object java.lang.invoke.Invokers$Holder.linkToTargetMethod(java.lang.Object, java.lang.Object, int, java.lang.Object)'> (0x00000007190ad4a8) 
thrown [c:\jenkins\workspace\zulu17-build-win64\zulu-src.git\src\hotspot\share\interpreter\linkResolver.cpp, line 766]
Event: 24.072 Thread 0x0000021c781df870 Exception <a 'java/lang/NoSuchMethodError'{0x0000000719102d30}: 'void java.lang.invoke.DirectMethodHandle$Holder.invokeSpecial(java.lang.Object, java.lang.Object, java.lang.Object, java.lang.Object, java.lang.Object)'> (0x0000000719102d30) 
thrown [c:\jenkins\workspace\zulu17-build-win64\zulu-src.git\src\hotspot\share\interpreter\linkResolver.cpp, line 766]
Event: 27.320 Thread 0x0000021c781df870 Exception <a 'java/lang/NoSuchMethodError'{0x0000000718e28be8}: 'void java.lang.invoke.DirectMethodHandle$Holder.invokeSpecial(java.lang.Object, java.lang.Object, java.lang.Object, java.lang.Object, java.lang.Object, java.lang.Object, java.lang.Object)'> (0x0000000718e28be8) 
thrown [c:\jenkins\workspace\zulu17-build-win64\zulu-src.git\src\hotspot\share\interpreter\linkResolver.cpp, line 766]
Event: 27.375 Thread 0x0000021c53fa7030 Exception <a 'java/lang/NoSuchMethodError'{0x0000000718c31738}: 'java.lang.Object java.lang.invoke.DirectMethodHandle$Holder.invokeSpecialIFC(java.lang.Object, java.lang.Object, java.lang.Object)'> (0x0000000718c31738) 
thrown [c:\jenkins\workspace\zulu17-build-win64\zulu-src.git\src\hotspot\share\interpreter\linkResolver.cpp, line 766]
Event: 27.519 Thread 0x0000021c53fa7030 Exception <a 'java/lang/ClassNotFoundException'{0x0000000719abe2f8}: sun/util/logging/resources/spi/loggingProvider> (0x0000000719abe2f8) 
thrown [c:\jenkins\workspace\zulu17-build-win64\zulu-src.git\src\hotspot\share\classfile\systemDictionary.cpp, line 256]

VM Operations (20 events):
Event: 22.663 Executing VM operation: Cleanup
Event: 22.663 Executing VM operation: Cleanup done
Event: 22.679 Executing VM operation: HandshakeAllThreads
Event: 22.679 Executing VM operation: HandshakeAllThreads done
Event: 22.818 Executing VM operation: G1CollectForAllocation
Event: 22.826 Executing VM operation: G1CollectForAllocation done
Event: 22.951 Executing VM operation: HandshakeAllThreads
Event: 22.951 Executing VM operation: HandshakeAllThreads done
Event: 23.799 Executing VM operation: HandshakeAllThreads
Event: 23.799 Executing VM operation: HandshakeAllThreads done
Event: 23.802 Executing VM operation: HandshakeAllThreads
Event: 23.802 Executing VM operation: HandshakeAllThreads done
Event: 24.813 Executing VM operation: Cleanup
Event: 24.813 Executing VM operation: Cleanup done
Event: 27.426 Executing VM operation: G1CollectForAllocation
Event: 27.431 Executing VM operation: G1CollectForAllocation done
Event: 27.499 Executing VM operation: HandshakeAllThreads
Event: 27.499 Executing VM operation: HandshakeAllThreads done
Event: 27.515 Executing VM operation: HandshakeAllThreads
Event: 27.515 Executing VM operation: HandshakeAllThreads done

Events (20 events):
Event: 27.518 loading class java/util/ResourceBundle$CacheKeyReference done
Event: 27.518 loading class java/util/ResourceBundle$KeyElementReference done
Event: 27.518 loading class java/util/ResourceBundle$3
Event: 27.519 loading class java/util/ResourceBundle$3 done
Event: 27.519 loading class sun/util/logging/resources/logging
Event: 27.519 loading class sun/util/logging/resources/logging done
Event: 27.519 loading class java/util/ResourceBundle$BundleReference
Event: 27.519 loading class java/util/ResourceBundle$BundleReference done
Event: 27.519 loading class sun/util/logging/resources/logging_en
Event: 27.519 loading class sun/util/logging/resources/logging_en done
Event: 27.519 loading class sun/util/logging/resources/logging_en
Event: 27.519 loading class sun/util/logging/resources/logging_en done
Event: 27.520 loading class sun/util/logging/resources/logging_en_US
Event: 27.520 loading class sun/util/logging/resources/logging_en_US done
Event: 27.520 loading class sun/util/logging/resources/logging_en_US
Event: 27.520 loading class sun/util/logging/resources/logging_en_US done
Event: 27.520 loading class java/util/Formatter$DateTime
Event: 27.520 loading class java/util/Formatter$DateTime done
Event: 27.520 loading class java/time/ZonedDateTime$1
Event: 27.521 loading class java/time/ZonedDateTime$1 done


Dynamic libraries:
0x00007ff6c4930000 - 0x00007ff6c493e000 	C:\Program Files\Zulu\zulu-17\bin\javaw.exe
0x00007ffba8330000 - 0x00007ffba8547000 	C:\Windows\SYSTEM32\ntdll.dll
0x00007ffba6d70000 - 0x00007ffba6e34000 	C:\Windows\System32\KERNEL32.DLL
0x00007ffba5b90000 - 0x00007ffba5f36000 	C:\Windows\System32\KERNELBASE.dll
0x00007ffba5950000 - 0x00007ffba5a61000 	C:\Windows\System32\ucrtbase.dll
0x00007ffb48920000 - 0x00007ffb4893b000 	C:\Program Files\Zulu\zulu-17\bin\VCRUNTIME140.dll
0x00007ffb486f0000 - 0x00007ffb48708000 	C:\Program Files\Zulu\zulu-17\bin\jli.dll
0x00007ffba6b40000 - 0x00007ffba6cee000 	C:\Windows\System32\USER32.dll
0x00007ffba4a10000 - 0x00007ffba4ca3000 	C:\Windows\WinSxS\amd64_microsoft.windows.common-controls_6595b64144ccf1df_6.0.22621.2506_none_270c5ae97388e100\COMCTL32.dll
0x00007ffba58f0000 - 0x00007ffba5916000 	C:\Windows\System32\win32u.dll
0x00007ffba6800000 - 0x00007ffba68a7000 	C:\Windows\System32\msvcrt.dll
0x00007ffba68d0000 - 0x00007ffba68f9000 	C:\Windows\System32\GDI32.dll
0x00007ffba5a70000 - 0x00007ffba5b88000 	C:\Windows\System32\gdi32full.dll
0x00007ffba5670000 - 0x00007ffba570a000 	C:\Windows\System32\msvcp_win.dll
0x00007ffba7ff0000 - 0x00007ffba8021000 	C:\Windows\System32\IMM32.DLL
0x00007ffba4cc0000 - 0x00007ffba4e60000 	C:\Program Files\Avecto\Privilege Guard Client\PGHook.dll
0x00007ffba66b0000 - 0x00007ffba6763000 	C:\Windows\System32\ADVAPI32.dll
0x00007ffba7440000 - 0x00007ffba74e8000 	C:\Windows\System32\sechost.dll
0x00007ffba5920000 - 0x00007ffba5948000 	C:\Windows\System32\bcrypt.dll
0x00007ffba7240000 - 0x00007ffba7357000 	C:\Windows\System32\RPCRT4.dll
0x00007ffb74a60000 - 0x00007ffb74a6c000 	C:\Program Files\Zulu\zulu-17\bin\vcruntime140_1.dll
0x00007ffb30e10000 - 0x00007ffb30e9d000 	C:\Program Files\Zulu\zulu-17\bin\msvcp140.dll
0x00007ffb43dd0000 - 0x00007ffb44a30000 	C:\Program Files\Zulu\zulu-17\bin\server\jvm.dll
0x00007ffba75a0000 - 0x00007ffba75a8000 	C:\Windows\System32\PSAPI.DLL
0x00007ffb86500000 - 0x00007ffb86509000 	C:\Windows\SYSTEM32\WSOCK32.dll
0x00007ffba6ab0000 - 0x00007ffba6b21000 	C:\Windows\System32\WS2_32.dll
0x00007ffb9a7f0000 - 0x00007ffb9a824000 	C:\Windows\SYSTEM32\WINMM.dll
0x00007ffb9bbf0000 - 0x00007ffb9bbfa000 	C:\Windows\SYSTEM32\VERSION.dll
0x00007ffba3b50000 - 0x00007ffba3b68000 	C:\Windows\SYSTEM32\kernel.appcore.dll
0x00007ffb9f330000 - 0x00007ffb9f33a000 	C:\Program Files\Zulu\zulu-17\bin\jimage.dll
0x00007ffba4f90000 - 0x00007ffba51c3000 	C:\Windows\SYSTEM32\DBGHELP.DLL
0x00007ffba6eb0000 - 0x00007ffba7239000 	C:\Windows\System32\combase.dll
0x00007ffba7360000 - 0x00007ffba7437000 	C:\Windows\System32\OLEAUT32.dll
0x00007ffba4e80000 - 0x00007ffba4eb2000 	C:\Windows\SYSTEM32\dbgcore.DLL
0x00007ffba6000000 - 0x00007ffba607a000 	C:\Windows\System32\bcryptPrimitives.dll
0x00007ffb65a90000 - 0x00007ffb65ab5000 	C:\Program Files\Zulu\zulu-17\bin\java.dll
0x00007ffb47870000 - 0x00007ffb47947000 	C:\Program Files\Zulu\zulu-17\bin\jsvml.dll
0x00007ffba7760000 - 0x00007ffba7fba000 	C:\Windows\System32\SHELL32.dll
0x00007ffba2760000 - 0x00007ffba3056000 	C:\Windows\SYSTEM32\windows.storage.dll
0x00007ffba2620000 - 0x00007ffba275e000 	C:\Windows\SYSTEM32\wintypes.dll
0x00007ffba6950000 - 0x00007ffba6a43000 	C:\Windows\System32\SHCORE.dll
0x00007ffba6a50000 - 0x00007ffba6aae000 	C:\Windows\System32\shlwapi.dll
0x00007ffba55a0000 - 0x00007ffba55c6000 	C:\Windows\SYSTEM32\profapi.dll
0x00007ffb9f2e0000 - 0x00007ffb9f2f9000 	C:\Program Files\Zulu\zulu-17\bin\net.dll
0x00007ffba3b70000 - 0x00007ffba3ca7000 	C:\Windows\SYSTEM32\WINHTTP.dll
0x00007ffba40c0000 - 0x00007ffba4129000 	C:\Windows\system32\mswsock.dll
0x00007ffb99f80000 - 0x00007ffb99f96000 	C:\Program Files\Zulu\zulu-17\bin\nio.dll
0x00007ffb8c060000 - 0x00007ffb8c078000 	C:\Program Files\Zulu\zulu-17\bin\zip.dll
0x00007ffba3440000 - 0x00007ffba3539000 	C:\Windows\SYSTEM32\DNSAPI.dll
0x00007ffba3410000 - 0x00007ffba343d000 	C:\Windows\SYSTEM32\IPHLPAPI.DLL
0x00007ffba6b30000 - 0x00007ffba6b39000 	C:\Windows\System32\NSI.dll
0x00007ffb977f0000 - 0x00007ffb977fa000 	C:\Windows\System32\rasadhlp.dll
0x00007ffb99770000 - 0x00007ffb997f3000 	C:\Windows\System32\fwpuclnt.dll
0x00007ffba5310000 - 0x00007ffba532b000 	C:\Windows\SYSTEM32\CRYPTSP.dll
0x00007ffba4620000 - 0x00007ffba4655000 	C:\Windows\system32\rsaenh.dll
0x00007ffba4130000 - 0x00007ffba415c000 	C:\Windows\SYSTEM32\USERENV.dll
0x00007ffba4610000 - 0x00007ffba461c000 	C:\Windows\SYSTEM32\CRYPTBASE.dll
0x00007ffb9bf90000 - 0x00007ffb9bfa9000 	C:\Windows\SYSTEM32\dhcpcsvc6.DLL
0x00007ffb9bcd0000 - 0x00007ffb9bcef000 	C:\Windows\SYSTEM32\dhcpcsvc.DLL
0x00007ffb8ba70000 - 0x00007ffb8ba7d000 	C:\Program Files\Zulu\zulu-17\bin\sunmscapi.dll
0x00007ffba5710000 - 0x00007ffba5876000 	C:\Windows\System32\CRYPT32.dll
0x00007ffba45b0000 - 0x00007ffba45de000 	C:\Windows\SYSTEM32\ncrypt.dll
0x00007ffba4570000 - 0x00007ffba45a7000 	C:\Windows\SYSTEM32\NTASN1.dll
0x00007ffb85df0000 - 0x00007ffb85df8000 	C:\Windows\system32\wshunix.dll

dbghelp: loaded successfully - version: 4.0.5 - missing functions: none
symbol engine: initialized successfully - sym options: 0x614 - pdb path: (cannot be retrieved)

VM Arguments:
jvm_args: -Dfile.encoding=UTF-8 -XX:+ShowCodeDetailsInExceptionMessages 
java_command: pageobject.Setup
java_class_path (initial): C:\Users\2303724\eclipse-workspace\hackathon\target\test-classes;C:\Users\2303724\eclipse-workspace\hackathon\target\classes;C:\Users\2303724\.m2\repository\org\seleniumhq\selenium\selenium-support\4.15.0\selenium-support-4.15.0.jar;C:\Users\2303724\.m2\repository\org\seleniumhq\selenium\selenium-java\4.15.0\selenium-java-4.15.0.jar;C:\Users\2303724\.m2\repository\org\seleniumhq\selenium\selenium-api\4.15.0\selenium-api-4.15.0.jar;C:\Users\2303724\.m2\repository\org\seleniumhq\selenium\selenium-chrome-driver\4.15.0\selenium-chrome-driver-4.15.0.jar;C:\Users\2303724\.m2\repository\com\google\auto\service\auto-service-annotations\1.1.1\auto-service-annotations-1.1.1.jar;C:\Users\2303724\.m2\repository\org\seleniumhq\selenium\selenium-chromium-driver\4.15.0\selenium-chromium-driver-4.15.0.jar;C:\Users\2303724\.m2\repository\org\seleniumhq\selenium\selenium-json\4.15.0\selenium-json-4.15.0.jar;C:\Users\2303724\.m2\repository\org\seleniumhq\selenium\selenium-manager\4.15.0\selenium-manager-4.15.0.jar;C:\Users\2303724\.m2\repository\org\seleniumhq\selenium\selenium-devtools-v117\4.15.0\selenium-devtools-v117-4.15.0.jar;C:\Users\2303724\.m2\repository\org\seleniumhq\selenium\selenium-devtools-v118\4.15.0\selenium-devtools-v118-4.15.0.jar;C:\Users\2303724\.m2\repository\org\seleniumhq\selenium\selenium-devtools-v119\4.15.0\selenium-devtools-v119-4.15.0.jar;C:\Users\2303724\.m2\repository\org\seleniumhq\selenium\selenium-devtools-v85\4.15.0\selenium-devtools-v85-4.15.0.jar;C:\Users\2303724\.m2\repository\org\seleniumhq\selenium\selenium-edge-driver\4.15.0\selenium-edge-driver-4.15.0.jar;C:\Users\2303724\.m2\repository\org\seleniumhq\selenium\selenium-firefox-driver\4.15.0\selenium-firefox-driver-4.15.0.jar;C:\Users\2303724\.m2\repository\org\seleniumhq\selenium\selenium-http\4.15.0\selenium-http-4.15.0.jar;C:\Users\2303724\.m2\repository\dev\failsafe\failsafe\3.3.2\failsafe-3.3.2.jar;C:\Users\2303724\.m2\repository\org\seleniumhq\selenium\seleniu
Launcher Type: SUN_STANDARD

[Global flags]
     intx CICompilerCount                          = 4                                         {product} {ergonomic}
     uint ConcGCThreads                            = 3                                         {product} {ergonomic}
     uint G1ConcRefinementThreads                  = 10                                        {product} {ergonomic}
   size_t G1HeapRegionSize                         = 2097152                                   {product} {ergonomic}
    uintx GCDrainStackTargetSize                   = 64                                        {product} {ergonomic}
   size_t InitialHeapSize                          = 257949696                                 {product} {ergonomic}
   size_t MarkStackSize                            = 4194304                                   {product} {ergonomic}
   size_t MaxHeapSize                              = 4116709376                                {product} {ergonomic}
   size_t MaxNewSize                               = 2468347904                                {product} {ergonomic}
   size_t MinHeapDeltaBytes                        = 2097152                                   {product} {ergonomic}
   size_t MinHeapSize                              = 8388608                                   {product} {ergonomic}
    uintx NonNMethodCodeHeapSize                   = 5839372                                {pd product} {ergonomic}
    uintx NonProfiledCodeHeapSize                  = 122909434                              {pd product} {ergonomic}
    uintx ProfiledCodeHeapSize                     = 122909434                              {pd product} {ergonomic}
    uintx ReservedCodeCacheSize                    = 251658240                              {pd product} {ergonomic}
     bool SegmentedCodeCache                       = true                                      {product} {ergonomic}
     bool ShowCodeDetailsInExceptionMessages       = true                                   {manageable} {command line}
   size_t SoftMaxHeapSize                          = 4116709376                             {manageable} {ergonomic}
     bool UseCompressedClassPointers               = true                           {product lp64_product} {ergonomic}
     bool UseCompressedOops                        = true                           {product lp64_product} {ergonomic}
     bool UseG1GC                                  = true                                      {product} {ergonomic}
     bool UseLargePagesIndividualAllocation        = false                                  {pd product} {ergonomic}

Logging:
Log output configuration:
 #0: stdout all=warning uptime,level,tags
 #1: stderr all=off uptime,level,tags

Environment Variables:
PATH=C:/Program Files/Zulu/zulu-17/bin/server;C:/Program Files/Zulu/zulu-17/bin;C:\Program Files\Zulu\zulu-17\bin\;C:\Windows\system32;C:\Windows;C:\Windows\System32\Wbem;C:\Windows\System32\WindowsPowerShell\v1.0\;C:\Windows\System32\OpenSSH\;C:\Program Files\Git\cmd;C:\Users\2303724\AppData\Local\Microsoft\WindowsApps;;C:\Windows\System32;
USERNAME=2303724
OS=Windows_NT
PROCESSOR_IDENTIFIER=AMD64 Family 23 Model 96 Stepping 1, AuthenticAMD



---------------  S Y S T E M  ---------------

OS:
 Windows 11 , 64 bit Build 22621 (10.0.22621.2506)
OS uptime: 4 days 0:32 hours
Hyper-V role detected

CPU: total 12 (initial active 12) (12 cores per cpu, 2 threads per core) family 23 model 96 stepping 1 microcode 0x0, cx8, cmov, fxsr, ht, mmx, 3dnowpref, sse, sse2, sse3, ssse3, sse4a, sse4.1, sse4.2, popcnt, lzcnt, tsc, tscinvbit, avx, avx2, aes, clmul, bmi1, bmi2, adx, sha, fma, vzeroupper, clflush, clflushopt, hv

Memory: 4k page, system-wide physical 15697M (1365M free)
TotalPageFile size 48465M (AvailPageFile size 2M)
current process WorkingSet (physical memory assigned to process): 110M, peak: 110M
current process commit charge ("private bytes"): 372M, peak: 372M

vm_info: OpenJDK 64-Bit Server VM (17.0.2+8-LTS) for windows-amd64 JRE (17.0.2+8-LTS) (Zulu17.32+13-CA), built on Jan  8 2022 13:06:16 by "zulu_re" with MS VC++ 16.10 / 16.11 (VS2019)

END.
